#
# There is insufficient memory for the Java Runtime Environment to continue.
# Native memory allocation (malloc) failed to allocate 1248496 bytes. Error detail: Chunk::new
# Possible reasons:
#   The system is out of physical RAM or swap space
#   This process is running with CompressedOops enabled, and the Java Heap may be blocking the growth of the native heap
# Possible solutions:
#   Reduce memory load on the system
#   Increase physical memory or swap space
#   Check if swap backing store is full
#   Decrease Java heap size (-Xmx/-Xms)
#   Decrease number of Java threads
#   Decrease Java thread stack sizes (-Xss)
#   Set larger code cache with -XX:ReservedCodeCacheSize=
#   JVM is running with Unscaled Compressed Oops mode in which the Java heap is
#     placed in the first 4GB address space. The Java Heap base address is the
#     maximum limit for the native heap growth. Please use -XX:HeapBaseMinAddress
#     to set the Java Heap base and to place the Java Heap above 4GB virtual address.
# This output file may be truncated or incomplete.
#
#  Out of Memory Error (arena.cpp:168), pid=22092, tid=14756
#
# JRE version: OpenJDK Runtime Environment Temurin-21.0.10+7 (21.0.10+7) (build 21.0.10+7-LTS)
# Java VM: OpenJDK 64-Bit Server VM Temurin-21.0.10+7 (21.0.10+7-LTS, mixed mode, sharing, tiered, compressed oops, compressed class ptrs, parallel gc, windows-amd64)
# No core dump will be written. Minidumps are not enabled by default on client versions of Windows
#

---------------  S U M M A R Y ------------

Command Line: --add-modules=ALL-SYSTEM --add-opens=java.base/java.util=ALL-UNNAMED --add-opens=java.base/java.lang=ALL-UNNAMED --add-opens=java.base/sun.nio.fs=ALL-UNNAMED -Declipse.application=org.eclipse.jdt.ls.core.id1 -Dosgi.bundles.defaultStartLevel=4 -Declipse.product=org.eclipse.jdt.ls.core.product -Djava.import.generatesMetadataFilesAtProjectRoot=false -DDetectVMInstallationsJob.disabled=true -Dfile.encoding=utf8 -XX:+UseParallelGC -XX:GCTimeRatio=4 -XX:AdaptiveSizePolicyWeight=90 -Dsun.zip.disableMemoryMapping=true -Xmx2G -Xms100m -Xlog:disable -javaagent:c:\Users\tsusm\.vscode\extensions\redhat.java-1.53.0-win32-x64\lombok\lombok-1.18.39-4050.jar -XX:+HeapDumpOnOutOfMemoryError -XX:HeapDumpPath=c:\Users\tsusm\AppData\Roaming\Code\User\workspaceStorage\6c148f8b4b974d214b98628d26ee4ded\redhat.java -Daether.dependencyCollector.impl=bf c:\Users\tsusm\.vscode\extensions\redhat.java-1.53.0-win32-x64\server\plugins\org.eclipse.equinox.launcher_1.7.100.v20251111-0406.jar -configuration c:\Users\tsusm\AppData\Roaming\Code\User\globalStorage\redhat.java\1.53.0\config_win -data c:\Users\tsusm\AppData\Roaming\Code\User\workspaceStorage\6c148f8b4b974d214b98628d26ee4ded\redhat.java\jdt_ws --pipe=\\.\pipe\lsp-2ad79a3faa15cd1307627ac78c2def32-sock

Host: 12th Gen Intel(R) Core(TM) i5-1235U, 12 cores, 15G,  Windows 11 , 64 bit Build 26100 (10.0.26100.7920)
Time: Fri Apr  3 22:21:00 2026 India Standard Time elapsed time: 28.333290 seconds (0d 0h 0m 28s)

---------------  T H R E A D  ---------------

Current thread (0x000001df73a89de0):  JavaThread "C2 CompilerThread1" daemon [_thread_in_native, id=14756, stack(0x0000009dc5d00000,0x0000009dc5e00000) (1024K)]


Current CompileTask:
C2:28333 13987       4       org.eclipse.jdt.internal.compiler.lookup.LookupEnvironment::getTypeFromTypeSignature (770 bytes)

Stack: [0x0000009dc5d00000,0x0000009dc5e00000]
Native frames: (J=compiled Java code, j=interpreted, Vv=VM code, C=native code)
V  [jvm.dll+0x6d7a39]
V  [jvm.dll+0x8b4b26]
V  [jvm.dll+0x8b70de]
V  [jvm.dll+0x8b77c3]
V  [jvm.dll+0x284346]
V  [jvm.dll+0xc66ed]
V  [jvm.dll+0xc6c31]
V  [jvm.dll+0x2fb29e]
V  [jvm.dll+0x5fe884]
V  [jvm.dll+0x255b17]
V  [jvm.dll+0x255edd]
V  [jvm.dll+0x24e500]
V  [jvm.dll+0x24ba42]
V  [jvm.dll+0x1cb34e]
V  [jvm.dll+0x25b85d]
V  [jvm.dll+0x259dea]
V  [jvm.dll+0x3f857e]
V  [jvm.dll+0x85f59d]
V  [jvm.dll+0x6d626d]
C  [ucrtbase.dll+0x37b0]
C  [KERNEL32.DLL+0x2e8d7]
C  [ntdll.dll+0x8c48c]


---------------  P R O C E S S  ---------------

Threads class SMR info:
_java_thread_list=0x000001df7a2b1420, length=89, elements={
0x000001df186458a0, 0x000001df1aa9e600, 0x000001df3147e5e0, 0x000001df31481fc0,
0x000001df31482650, 0x000001df31481930, 0x000001df31482ce0, 0x000001df738bb790,
0x000001df738bd130, 0x000001df31483370, 0x000001df31484720, 0x000001df31483a00,
0x000001df31484db0, 0x000001df31484090, 0x000001df794e07d0, 0x000001df794ded90,
0x000001df794de700, 0x000001df794e0140, 0x000001df794df420, 0x000001df794de070,
0x000001df794dfab0, 0x000001df794dd9e0, 0x000001df794e42e0, 0x000001df794e35c0,
0x000001df794e3c50, 0x000001df794e2210, 0x000001df794e2f30, 0x000001df794e4970,
0x000001df794e14f0, 0x000001df794e5000, 0x000001df794e1b80, 0x000001df79cdc270,
0x000001df79cdc900, 0x000001df79cdb550, 0x000001df79cdcf90, 0x000001df79cdd620,
0x000001df79cde340, 0x000001df79cdaec0, 0x000001df79cddcb0, 0x000001df79cde9d0,
0x000001df79cdf060, 0x000001df79cdbbe0, 0x000001df79cdfd80, 0x000001df79ce17c0,
0x000001df79ce1e50, 0x000001df79ce1130, 0x000001df79ce24e0, 0x000001df79cdf6f0,
0x000001df79ce0410, 0x000001df79ce0aa0, 0x000001df7c36f560, 0x000001df7c36fbf0,
0x000001df7c36db20, 0x000001df7c36e1b0, 0x000001df7c36e840, 0x000001df7c36d490,
0x000001df7c36c770, 0x000001df7c36eed0, 0x000001df7c370280, 0x000001df7c36ce00,
0x000001df7c370fa0, 0x000001df7c372350, 0x000001df7c371cc0, 0x000001df7c371630,
0x000001df7c373070, 0x000001df7c373700, 0x000001df7c373d90, 0x000001df7c370910,
0x000001df7d7a6760, 0x000001df7d7a6df0, 0x000001df7d7a5a40, 0x000001df7d7a7480,
0x000001df7d7a7b10, 0x000001df7d7a81a0, 0x000001df7d7a53b0, 0x000001df7d7a9550,
0x000001df7d7ab620, 0x000001df7d7aaf90, 0x000001df7d7abcb0, 0x000001df7d7aa900,
0x000001df7d7ac340, 0x000001df73a89de0, 0x000001df7d7ac9d0, 0x000001df7d7a9be0,
0x000001df7d7aa270, 0x000001df7cb9be40, 0x000001df7cb99d70, 0x000001df7a011130,
0x000001df7cb9a400
}

Java Threads: ( => current thread )
  0x000001df186458a0 JavaThread "main"                              [_thread_blocked, id=12464, stack(0x0000009dbfe00000,0x0000009dbff00000) (1024K)]
  0x000001df1aa9e600 JavaThread "Reference Handler"          daemon [_thread_blocked, id=21864, stack(0x0000009dc0200000,0x0000009dc0300000) (1024K)]
  0x000001df3147e5e0 JavaThread "Finalizer"                  daemon [_thread_blocked, id=2800, stack(0x0000009dc0300000,0x0000009dc0400000) (1024K)]
  0x000001df31481fc0 JavaThread "Signal Dispatcher"          daemon [_thread_blocked, id=15144, stack(0x0000009dc0400000,0x0000009dc0500000) (1024K)]
  0x000001df31482650 JavaThread "Attach Listener"            daemon [_thread_blocked, id=8244, stack(0x0000009dc0500000,0x0000009dc0600000) (1024K)]
  0x000001df31481930 JavaThread "Service Thread"             daemon [_thread_blocked, id=1348, stack(0x0000009dc0600000,0x0000009dc0700000) (1024K)]
  0x000001df31482ce0 JavaThread "Monitor Deflation Thread"   daemon [_thread_blocked, id=652, stack(0x0000009dc0700000,0x0000009dc0800000) (1024K)]
  0x000001df738bb790 JavaThread "C2 CompilerThread0"         daemon [_thread_blocked, id=16740, stack(0x0000009dc0800000,0x0000009dc0900000) (1024K)]
  0x000001df738bd130 JavaThread "C1 CompilerThread0"         daemon [_thread_blocked, id=17176, stack(0x0000009dc0900000,0x0000009dc0a00000) (1024K)]
  0x000001df31483370 JavaThread "Common-Cleaner"             daemon [_thread_blocked, id=25104, stack(0x0000009dc0b00000,0x0000009dc0c00000) (1024K)]
  0x000001df31484720 JavaThread "Notification Thread"        daemon [_thread_blocked, id=20232, stack(0x0000009dc0c00000,0x0000009dc0d00000) (1024K)]
  0x000001df31483a00 JavaThread "Active Thread: Equinox Container: fd048128-e1ac-4082-b0ec-a681eb572489"        [_thread_blocked, id=20296, stack(0x0000009dc1400000,0x0000009dc1500000) (1024K)]
  0x000001df31484db0 JavaThread "Refresh Thread: Equinox Container: fd048128-e1ac-4082-b0ec-a681eb572489" daemon [_thread_blocked, id=13700, stack(0x0000009dc1600000,0x0000009dc1700000) (1024K)]
  0x000001df31484090 JavaThread "Framework Event Dispatcher: Equinox Container: fd048128-e1ac-4082-b0ec-a681eb572489" daemon [_thread_blocked, id=13960, stack(0x0000009dc1700000,0x0000009dc1800000) (1024K)]
  0x000001df794e07d0 JavaThread "Start Level: Equinox Container: fd048128-e1ac-4082-b0ec-a681eb572489" daemon [_thread_blocked, id=16308, stack(0x0000009dc1800000,0x0000009dc1900000) (1024K)]
  0x000001df794ded90 JavaThread "Bundle File Closer"         daemon [_thread_blocked, id=27916, stack(0x0000009dc1b00000,0x0000009dc1c00000) (1024K)]
  0x000001df794de700 JavaThread "SCR Component Actor"        daemon [_thread_blocked, id=17540, stack(0x0000009dc1c00000,0x0000009dc1d00000) (1024K)]
  0x000001df794e0140 JavaThread "Worker-JM"                         [_thread_blocked, id=16196, stack(0x0000009dc1d00000,0x0000009dc1e00000) (1024K)]
  0x000001df794df420 JavaThread "JNA Cleaner"                daemon [_thread_blocked, id=9844, stack(0x0000009dc0d00000,0x0000009dc0e00000) (1024K)]
  0x000001df794de070 JavaThread "Worker-0"                          [_thread_blocked, id=18340, stack(0x0000009dc1e00000,0x0000009dc1f00000) (1024K)]
  0x000001df794dfab0 JavaThread "Worker-1"                          [_thread_blocked, id=12128, stack(0x0000009dc1f00000,0x0000009dc2000000) (1024K)]
  0x000001df794dd9e0 JavaThread "Worker-2"                          [_thread_blocked, id=18252, stack(0x0000009dc2000000,0x0000009dc2100000) (1024K)]
  0x000001df794e42e0 JavaThread "Java indexing"              daemon [_thread_blocked, id=21960, stack(0x0000009dc2100000,0x0000009dc2200000) (1024K)]
  0x000001df794e35c0 JavaThread "Worker-3"                          [_thread_blocked, id=23452, stack(0x0000009dc2300000,0x0000009dc2400000) (1024K)]
  0x000001df794e3c50 JavaThread "Worker-4: Publish Diagnostics"        [_thread_blocked, id=24064, stack(0x0000009dc2400000,0x0000009dc2500000) (1024K)]
  0x000001df794e2210 JavaThread "Worker-5"                          [_thread_blocked, id=14412, stack(0x0000009dc2700000,0x0000009dc2800000) (1024K)]
  0x000001df794e2f30 JavaThread "Worker-6"                          [_thread_blocked, id=15124, stack(0x0000009dc2800000,0x0000009dc2900000) (1024K)]
  0x000001df794e4970 JavaThread "Thread-1"                   daemon [_thread_in_native, id=24708, stack(0x0000009dc2900000,0x0000009dc2a00000) (1024K)]
  0x000001df794e14f0 JavaThread "Thread-2"                   daemon [_thread_in_native, id=15064, stack(0x0000009dc2a00000,0x0000009dc2b00000) (1024K)]
  0x000001df794e5000 JavaThread "Thread-3"                   daemon [_thread_in_native, id=9532, stack(0x0000009dc2b00000,0x0000009dc2c00000) (1024K)]
  0x000001df794e1b80 JavaThread "Thread-4"                   daemon [_thread_in_native, id=12768, stack(0x0000009dc2c00000,0x0000009dc2d00000) (1024K)]
  0x000001df79cdc270 JavaThread "Thread-5"                   daemon [_thread_in_native, id=27188, stack(0x0000009dc2d00000,0x0000009dc2e00000) (1024K)]
  0x000001df79cdc900 JavaThread "Thread-6"                   daemon [_thread_in_native, id=18476, stack(0x0000009dc2e00000,0x0000009dc2f00000) (1024K)]
  0x000001df79cdb550 JavaThread "Thread-7"                   daemon [_thread_in_native, id=11164, stack(0x0000009dc2f00000,0x0000009dc3000000) (1024K)]
  0x000001df79cdcf90 JavaThread "Thread-8"                   daemon [_thread_in_native, id=28524, stack(0x0000009dc3000000,0x0000009dc3100000) (1024K)]
  0x000001df79cdd620 JavaThread "Thread-9"                   daemon [_thread_in_native, id=28640, stack(0x0000009dc3100000,0x0000009dc3200000) (1024K)]
  0x000001df79cde340 JavaThread "Thread-10"                  daemon [_thread_in_native, id=20496, stack(0x0000009dc3200000,0x0000009dc3300000) (1024K)]
  0x000001df79cdaec0 JavaThread "Thread-11"                  daemon [_thread_in_native, id=26712, stack(0x0000009dc3300000,0x0000009dc3400000) (1024K)]
  0x000001df79cddcb0 JavaThread "Thread-12"                  daemon [_thread_in_native, id=14948, stack(0x0000009dc3400000,0x0000009dc3500000) (1024K)]
  0x000001df79cde9d0 JavaThread "Thread-13"                  daemon [_thread_in_native, id=28296, stack(0x0000009dc3500000,0x0000009dc3600000) (1024K)]
  0x000001df79cdf060 JavaThread "pool-2-thread-1"                   [_thread_blocked, id=7844, stack(0x0000009dc3600000,0x0000009dc3700000) (1024K)]
  0x000001df79cdbbe0 JavaThread "WorkspaceEventsHandler"            [_thread_blocked, id=11792, stack(0x0000009dc3700000,0x0000009dc3800000) (1024K)]
  0x000001df79cdfd80 JavaThread "pool-1-thread-1"                   [_thread_blocked, id=27568, stack(0x0000009dc3800000,0x0000009dc3900000) (1024K)]
  0x000001df79ce17c0 JavaThread "LocalFile Deleter"          daemon [_thread_blocked, id=12020, stack(0x0000009dc3900000,0x0000009dc3a00000) (1024K)]
  0x000001df79ce1e50 JavaThread "LocalFile Deleter"          daemon [_thread_blocked, id=26732, stack(0x0000009dc3a00000,0x0000009dc3b00000) (1024K)]
  0x000001df79ce1130 JavaThread "LocalFile Deleter"          daemon [_thread_blocked, id=22812, stack(0x0000009dc3b00000,0x0000009dc3c00000) (1024K)]
  0x000001df79ce24e0 JavaThread "LocalFile Deleter"          daemon [_thread_blocked, id=22980, stack(0x0000009dc3c00000,0x0000009dc3d00000) (1024K)]
  0x000001df79cdf6f0 JavaThread "LocalFile Deleter"          daemon [_thread_blocked, id=15220, stack(0x0000009dc3d00000,0x0000009dc3e00000) (1024K)]
  0x000001df79ce0410 JavaThread "LocalFile Deleter"          daemon [_thread_blocked, id=19508, stack(0x0000009dc3e00000,0x0000009dc3f00000) (1024K)]
  0x000001df79ce0aa0 JavaThread "LocalFile Deleter"          daemon [_thread_blocked, id=12884, stack(0x0000009dc3f00000,0x0000009dc4000000) (1024K)]
  0x000001df7c36f560 JavaThread "LocalFile Deleter"          daemon [_thread_blocked, id=27992, stack(0x0000009dc4000000,0x0000009dc4100000) (1024K)]
  0x000001df7c36fbf0 JavaThread "LocalFile Deleter"          daemon [_thread_blocked, id=22468, stack(0x0000009dc4100000,0x0000009dc4200000) (1024K)]
  0x000001df7c36db20 JavaThread "LocalFile Deleter"          daemon [_thread_blocked, id=11208, stack(0x0000009dc4200000,0x0000009dc4300000) (1024K)]
  0x000001df7c36e1b0 JavaThread "LocalFile Deleter"          daemon [_thread_blocked, id=22148, stack(0x0000009dc4300000,0x0000009dc4400000) (1024K)]
  0x000001df7c36e840 JavaThread "LocalFile Deleter"          daemon [_thread_blocked, id=2332, stack(0x0000009dc4400000,0x0000009dc4500000) (1024K)]
  0x000001df7c36d490 JavaThread "Compiler Source File Reader" daemon [_thread_blocked, id=2096, stack(0x0000009dc4500000,0x0000009dc4600000) (1024K)]
  0x000001df7c36c770 JavaThread "Compiler Source File Reader" daemon [_thread_blocked, id=1376, stack(0x0000009dc4600000,0x0000009dc4700000) (1024K)]
  0x000001df7c36eed0 JavaThread "Compiler Source File Reader" daemon [_thread_blocked, id=13852, stack(0x0000009dc4700000,0x0000009dc4800000) (1024K)]
  0x000001df7c370280 JavaThread "Compiler Source File Reader" daemon [_thread_blocked, id=2884, stack(0x0000009dc4800000,0x0000009dc4900000) (1024K)]
  0x000001df7c36ce00 JavaThread "Compiler Source File Reader" daemon [_thread_blocked, id=3240, stack(0x0000009dc4900000,0x0000009dc4a00000) (1024K)]
  0x000001df7c370fa0 JavaThread "Compiler Source File Reader" daemon [_thread_blocked, id=10420, stack(0x0000009dc4a00000,0x0000009dc4b00000) (1024K)]
  0x000001df7c372350 JavaThread "Compiler Source File Reader" daemon [_thread_blocked, id=28404, stack(0x0000009dc4b00000,0x0000009dc4c00000) (1024K)]
  0x000001df7c371cc0 JavaThread "Compiler Source File Reader" daemon [_thread_blocked, id=7608, stack(0x0000009dc4c00000,0x0000009dc4d00000) (1024K)]
  0x000001df7c371630 JavaThread "Compiler Source File Reader" daemon [_thread_blocked, id=25224, stack(0x0000009dc4d00000,0x0000009dc4e00000) (1024K)]
  0x000001df7c373070 JavaThread "Compiler Source File Reader" daemon [_thread_blocked, id=11532, stack(0x0000009dc4e00000,0x0000009dc4f00000) (1024K)]
  0x000001df7c373700 JavaThread "Compiler Processing Task"   daemon [_thread_blocked, id=3088, stack(0x0000009dc4f00000,0x0000009dc5000000) (1024K)]
  0x000001df7c373d90 JavaThread "Compiler Class File Writer" daemon [_thread_blocked, id=2944, stack(0x0000009dc5000000,0x0000009dc5100000) (1024K)]
  0x000001df7c370910 JavaThread "Compiler Class File Writer" daemon [_thread_blocked, id=16780, stack(0x0000009dc5100000,0x0000009dc5200000) (1024K)]
  0x000001df7d7a6760 JavaThread "Compiler Class File Writer" daemon [_thread_blocked, id=21436, stack(0x0000009dc5200000,0x0000009dc5300000) (1024K)]
  0x000001df7d7a6df0 JavaThread "Compiler Class File Writer" daemon [_thread_blocked, id=28160, stack(0x0000009dc5300000,0x0000009dc5400000) (1024K)]
  0x000001df7d7a5a40 JavaThread "Compiler Class File Writer" daemon [_thread_blocked, id=27732, stack(0x0000009dc5400000,0x0000009dc5500000) (1024K)]
  0x000001df7d7a7480 JavaThread "Compiler Class File Writer" daemon [_thread_blocked, id=21780, stack(0x0000009dc5500000,0x0000009dc5600000) (1024K)]
  0x000001df7d7a7b10 JavaThread "Compiler Class File Writer" daemon [_thread_blocked, id=27724, stack(0x0000009dc5600000,0x0000009dc5700000) (1024K)]
  0x000001df7d7a81a0 JavaThread "Compiler Class File Writer" daemon [_thread_blocked, id=13516, stack(0x0000009dc5700000,0x0000009dc5800000) (1024K)]
  0x000001df7d7a53b0 JavaThread "Compiler Class File Writer" daemon [_thread_blocked, id=20324, stack(0x0000009dc5800000,0x0000009dc5900000) (1024K)]
  0x000001df7d7a9550 JavaThread "Compiler Class File Writer" daemon [_thread_blocked, id=1380, stack(0x0000009dc5900000,0x0000009dc5a00000) (1024K)]
  0x000001df7d7ab620 JavaThread "ForkJoinPool.commonPool-worker-1" daemon [_thread_blocked, id=15620, stack(0x0000009dc0a00000,0x0000009dc0b00000) (1024K)]
  0x000001df7d7aaf90 JavaThread "ForkJoinPool.commonPool-worker-2" daemon [_thread_blocked, id=24816, stack(0x0000009dc2200000,0x0000009dc2300000) (1024K)]
  0x000001df7d7abcb0 JavaThread "ForkJoinPool.commonPool-worker-3" daemon [_thread_blocked, id=20936, stack(0x0000009dc5a00000,0x0000009dc5b00000) (1024K)]
  0x000001df7d7aa900 JavaThread "ForkJoinPool.commonPool-worker-4" daemon [_thread_blocked, id=26748, stack(0x0000009dc5b00000,0x0000009dc5c00000) (1024K)]
  0x000001df7d7ac340 JavaThread "ForkJoinPool.commonPool-worker-5" daemon [_thread_blocked, id=15560, stack(0x0000009dc5c00000,0x0000009dc5d00000) (1024K)]
=>0x000001df73a89de0 JavaThread "C2 CompilerThread1"         daemon [_thread_in_native, id=14756, stack(0x0000009dc5d00000,0x0000009dc5e00000) (1024K)]
  0x000001df7d7ac9d0 JavaThread "ForkJoinPool.commonPool-worker-6" daemon [_thread_blocked, id=24172, stack(0x0000009dc5e00000,0x0000009dc5f00000) (1024K)]
  0x000001df7d7a9be0 JavaThread "ForkJoinPool.commonPool-worker-7" daemon [_thread_blocked, id=8236, stack(0x0000009dc5f00000,0x0000009dc6000000) (1024K)]
  0x000001df7d7aa270 JavaThread "ForkJoinPool.commonPool-worker-8" daemon [_thread_blocked, id=17580, stack(0x0000009dc6000000,0x0000009dc6100000) (1024K)]
  0x000001df7cb9be40 JavaThread "ForkJoinPool.commonPool-worker-9" daemon [_thread_blocked, id=11484, stack(0x0000009dc6100000,0x0000009dc6200000) (1024K)]
  0x000001df7cb99d70 JavaThread "ForkJoinPool.commonPool-worker-10" daemon [_thread_blocked, id=13404, stack(0x0000009dc6300000,0x0000009dc6400000) (1024K)]
  0x000001df7a011130 JavaThread "C2 CompilerThread2"         daemon [_thread_in_native, id=9896, stack(0x0000009dc6200000,0x0000009dc6300000) (1024K)]
  0x000001df7cb9a400 JavaThread "ForkJoinPool.commonPool-worker-11" daemon [_thread_blocked, id=23840, stack(0x0000009dc6400000,0x0000009dc6500000) (1024K)]
Total: 89

Other Threads:
  0x000001df1aa86100 VMThread "VM Thread"                           [id=24584, stack(0x0000009dc0100000,0x0000009dc0200000) (1024K)]
  0x000001df3136ca00 WatcherThread "VM Periodic Task Thread"        [id=16968, stack(0x0000009dc0000000,0x0000009dc0100000) (1024K)]
  0x000001df1aa05b50 WorkerThread "GC Thread#0"                     [id=24472, stack(0x0000009dbff00000,0x0000009dc0000000) (1024K)]
  0x000001df796dfff0 WorkerThread "GC Thread#1"                     [id=16464, stack(0x0000009dc0e00000,0x0000009dc0f00000) (1024K)]
  0x000001df7924c9d0 WorkerThread "GC Thread#2"                     [id=15368, stack(0x0000009dc0f00000,0x0000009dc1000000) (1024K)]
  0x000001df796e03a0 WorkerThread "GC Thread#3"                     [id=8036, stack(0x0000009dc1000000,0x0000009dc1100000) (1024K)]
  0x000001df79153830 WorkerThread "GC Thread#4"                     [id=4528, stack(0x0000009dc1100000,0x0000009dc1200000) (1024K)]
  0x000001df79154400 WorkerThread "GC Thread#5"                     [id=20984, stack(0x0000009dc1200000,0x0000009dc1300000) (1024K)]
  0x000001df791547b0 WorkerThread "GC Thread#6"                     [id=18080, stack(0x0000009dc1300000,0x0000009dc1400000) (1024K)]
  0x000001df79a85940 WorkerThread "GC Thread#7"                     [id=7456, stack(0x0000009dc1500000,0x0000009dc1600000) (1024K)]
  0x000001df7a09f860 WorkerThread "GC Thread#8"                     [id=21480, stack(0x0000009dc1900000,0x0000009dc1a00000) (1024K)]
  0x000001df7a09fc10 WorkerThread "GC Thread#9"                     [id=12040, stack(0x0000009dc1a00000,0x0000009dc1b00000) (1024K)]
Total: 12

Threads with active compile tasks:
C2 CompilerThread0  28406 14163 %     4       org.eclipse.jdt.internal.compiler.classfmt.ModuleInfo::readModuleAttribute @ 357 (1166 bytes)
C2 CompilerThread1  28406 13987       4       org.eclipse.jdt.internal.compiler.lookup.LookupEnvironment::getTypeFromTypeSignature (770 bytes)
C2 CompilerThread2  28406 14085 % !   4       org.eclipse.jdt.internal.compiler.classfmt.ClassFileReader::<init> @ 81 (1968 bytes)
Total: 3

VM state: at safepoint (normal execution)

VM Mutex/Monitor currently owned by a thread:  ([mutex/lock_event])
[0x00007ff970dbe560] Threads_lock - owner thread: 0x000001df1aa86100
[0x00007ff970dbe660] Heap_lock - owner thread: 0x000001df794e3c50

Heap address: 0x0000000080000000, size: 2048 MB, Compressed Oops mode: 32-bit

CDS archive(s) mapped at: [0x000001df32000000-0x000001df32ba0000-0x000001df32ba0000), size 12189696, SharedBaseAddress: 0x000001df32000000, ArchiveRelocationMode: 1.
Compressed class space mapped at: 0x000001df33000000-0x000001df73000000, reserved size: 1073741824
Narrow klass base: 0x000001df32000000, Narrow klass shift: 0, Narrow klass range: 0x100000000

GC Precious Log:
 CardTable entry size: 512
 CPUs: 12 total, 12 available
 Memory: 16055M
 Large Page Support: Disabled
 NUMA Support: Disabled
 Compressed Oops: Enabled (32-bit)
 Alignments: Space 512K, Generation 512K, Heap 2M
 Heap Min Capacity: 100M
 Heap Initial Capacity: 100M
 Heap Max Capacity: 2G
 Pre-touch: Disabled
 Parallel Workers: 10

Heap:
 PSYoungGen      total 6656K, used 6356K [0x00000000d5580000, 0x00000000d5e00000, 0x0000000100000000)
  eden space 5632K, 100% used [0x00000000d5580000,0x00000000d5b00000,0x00000000d5b00000)
  from space 1024K, 70% used [0x00000000d5c80000,0x00000000d5d35200,0x00000000d5d80000)
  to   space 512K, 94% used [0x00000000d5d80000,0x00000000d5df9210,0x00000000d5e00000)
 ParOldGen       total 172032K, used 172029K [0x0000000080000000, 0x000000008a800000, 0x00000000d5580000)
  object space 172032K, 99% used [0x0000000080000000,0x000000008a7ff4a0,0x000000008a800000)
 Metaspace       used 71437K, committed 73024K, reserved 1114112K
  class space    used 7387K, committed 8000K, reserved 1048576K

Card table byte_map: [0x000001df1a390000,0x000001df1a7a0000] _byte_map_base: 0x000001df19f90000

Marking Bits: (ParMarkBitMap*) 0x00007ff970dc3450
 Begin Bits: [0x000001df2ce90000, 0x000001df2ee90000)
 End Bits:   [0x000001df2ee90000, 0x000001df30e90000)

Polling page: 0x000001df18ac0000

Metaspace:

Usage:
  Non-class:     62.55 MB used.
      Class:      7.21 MB used.
       Both:     69.76 MB used.

Virtual space:
  Non-class space:       64.00 MB reserved,      63.50 MB (>99%) committed,  1 nodes.
      Class space:        1.00 GB reserved,       7.81 MB ( <1%) committed,  1 nodes.
             Both:        1.06 GB reserved,      71.31 MB (  7%) committed. 

Chunk freelists:
   Non-Class:  224.00 KB
       Class:  8.06 MB
        Both:  8.28 MB

MaxMetaspaceSize: unlimited
CompressedClassSpaceSize: 1.00 GB
Initial GC threshold: 21.00 MB
Current GC threshold: 97.31 MB
CDS: on
 - commit_granule_bytes: 65536.
 - commit_granule_words: 8192.
 - virtual_space_node_default_size: 8388608.
 - enlarge_chunks_in_place: 1.
 - use_allocation_guard: 0.


Internal statistics:

num_allocs_failed_limit: 9.
num_arena_births: 1364.
num_arena_deaths: 20.
num_vsnodes_births: 2.
num_vsnodes_deaths: 0.
num_space_committed: 1141.
num_space_uncommitted: 0.
num_chunks_returned_to_freelist: 30.
num_chunks_taken_from_freelist: 4948.
num_chunk_merges: 13.
num_chunk_splits: 2919.
num_chunks_enlarged: 1464.
num_inconsistent_stats: 0.

CodeHeap 'non-profiled nmethods': size=120000Kb used=10277Kb max_used=10277Kb free=109722Kb
 bounds [0x000001df256b0000, 0x000001df260c0000, 0x000001df2cbe0000]
CodeHeap 'profiled nmethods': size=120000Kb used=31267Kb max_used=31267Kb free=88732Kb
 bounds [0x000001df1dbe0000, 0x000001df1fa70000, 0x000001df25110000]
CodeHeap 'non-nmethods': size=5760Kb used=1467Kb max_used=1537Kb free=4292Kb
 bounds [0x000001df25110000, 0x000001df25380000, 0x000001df256b0000]
CodeCache: size=245760Kb, used=43011Kb, max_used=43081Kb, free=202746Kb
 total_blobs=14197, nmethods=13407, adapters=693, full_count=0
Compilation: enabled, stopped_count=0, restarted_count=0

Compilation events (20 events):
Event: 28.298 Thread 0x000001df738bd130 14237       2       java.nio.Bits::tryReserveMemory (52 bytes)
Event: 28.299 Thread 0x000001df738bd130 nmethod 14237 0x000001df1fa62690 code [0x000001df1fa62860, 0x000001df1fa62ad8]
Event: 28.299 Thread 0x000001df738bd130 14236       2       jdk.internal.misc.Unsafe::setMemoryChecks (13 bytes)
Event: 28.300 Thread 0x000001df738bd130 nmethod 14236 0x000001df1fa62c90 code [0x000001df1fa62e80, 0x000001df1fa63228]
Event: 28.302 Thread 0x000001df738bd130 14238       2       org.eclipse.core.runtime.SubMonitor::worked (22 bytes)
Event: 28.303 Thread 0x000001df738bd130 nmethod 14238 0x000001df1fa63490 code [0x000001df1fa63640, 0x000001df1fa637c0]
Event: 28.309 Thread 0x000001df738bd130 14240       2       jdk.internal.misc.Unsafe::setMemory (29 bytes)
Event: 28.310 Thread 0x000001df738bd130 nmethod 14240 0x000001df1fa63890 code [0x000001df1fa63aa0, 0x000001df1fa63e68]
Event: 28.310 Thread 0x000001df738bd130 14241       2       java.nio.DirectByteBuffer$Deallocator::<init> (41 bytes)
Event: 28.310 Thread 0x000001df738bd130 nmethod 14241 0x000001df1fa64110 code [0x000001df1fa642a0, 0x000001df1fa643b0]
Event: 28.310 Thread 0x000001df738bd130 14239   !   2       java.nio.Bits::reserveMemory (232 bytes)
Event: 28.312 Thread 0x000001df738bd130 nmethod 14239 0x000001df1fa64490 code [0x000001df1fa647a0, 0x000001df1fa65318]
Event: 28.313 Thread 0x000001df738bd130 14242       2       sun.nio.ch.WindowsAsynchronousFileChannelImpl$WriteTask::<init> (38 bytes)
Event: 28.313 Thread 0x000001df738bd130 nmethod 14242 0x000001df1fa65c90 code [0x000001df1fa65e20, 0x000001df1fa65f78]
Event: 28.313 Thread 0x000001df738bd130 14243   !   2       sun.nio.ch.WindowsAsynchronousFileChannelImpl$WriteTask::run (253 bytes)
Event: 28.316 Thread 0x000001df738bd130 nmethod 14243 0x000001df1fa66010 code [0x000001df1fa663a0, 0x000001df1fa67258]
Event: 28.316 Thread 0x000001df738bd130 14244   !   2       org.eclipse.jdt.internal.core.PackageFragmentRoot::fullInclusionPatternChars (39 bytes)
Event: 28.317 Thread 0x000001df738bd130 nmethod 14244 0x000001df1fa68010 code [0x000001df1fa68200, 0x000001df1fa684f0]
Event: 28.317 Thread 0x000001df738bd130 14245   !   2       org.eclipse.jdt.internal.core.PackageFragmentRoot::fullExclusionPatternChars (39 bytes)
Event: 28.318 Thread 0x000001df738bd130 nmethod 14245 0x000001df1fa68710 code [0x000001df1fa68900, 0x000001df1fa68bf0]

GC Heap History (20 events):
Event: 27.430 GC heap before
{Heap before GC invocations=221 (full 3):
 PSYoungGen      total 12288K, used 12085K [0x00000000d5580000, 0x00000000d6380000, 0x0000000100000000)
  eden space 10240K, 100% used [0x00000000d5580000,0x00000000d5f80000,0x00000000d5f80000)
  from space 2048K, 90% used [0x00000000d5f80000,0x00000000d614d628,0x00000000d6180000)
  to   space 2048K, 0% used [0x00000000d6180000,0x00000000d6180000,0x00000000d6380000)
 ParOldGen       total 161280K, used 161160K [0x0000000080000000, 0x0000000089d80000, 0x00000000d5580000)
  object space 161280K, 99% used [0x0000000080000000,0x0000000089d62020,0x0000000089d80000)
 Metaspace       used 70247K, committed 71872K, reserved 1114112K
  class space    used 7274K, committed 7936K, reserved 1048576K
}
Event: 27.435 GC heap after
{Heap after GC invocations=221 (full 3):
 PSYoungGen      total 7680K, used 2017K [0x00000000d5580000, 0x00000000d6c80000, 0x0000000100000000)
  eden space 5632K, 0% used [0x00000000d5580000,0x00000000d5580000,0x00000000d5b00000)
  from space 2048K, 98% used [0x00000000d6180000,0x00000000d6378428,0x00000000d6380000)
  to   space 6656K, 0% used [0x00000000d5b00000,0x00000000d5b00000,0x00000000d6180000)
 ParOldGen       total 164864K, used 164769K [0x0000000080000000, 0x000000008a100000, 0x00000000d5580000)
  object space 164864K, 99% used [0x0000000080000000,0x000000008a0e8448,0x000000008a100000)
 Metaspace       used 70247K, committed 71872K, reserved 1114112K
  class space    used 7274K, committed 7936K, reserved 1048576K
}
Event: 27.477 GC heap before
{Heap before GC invocations=222 (full 3):
 PSYoungGen      total 7680K, used 7649K [0x00000000d5580000, 0x00000000d6c80000, 0x0000000100000000)
  eden space 5632K, 100% used [0x00000000d5580000,0x00000000d5b00000,0x00000000d5b00000)
  from space 2048K, 98% used [0x00000000d6180000,0x00000000d6378428,0x00000000d6380000)
  to   space 6656K, 0% used [0x00000000d5b00000,0x00000000d5b00000,0x00000000d6180000)
 ParOldGen       total 164864K, used 164769K [0x0000000080000000, 0x000000008a100000, 0x00000000d5580000)
  object space 164864K, 99% used [0x0000000080000000,0x000000008a0e8448,0x000000008a100000)
 Metaspace       used 70250K, committed 71872K, reserved 1114112K
  class space    used 7274K, committed 7936K, reserved 1048576K
}
Event: 27.481 GC heap after
{Heap after GC invocations=222 (full 3):
 PSYoungGen      total 6656K, used 937K [0x00000000d5580000, 0x00000000d6200000, 0x0000000100000000)
  eden space 5632K, 0% used [0x00000000d5580000,0x00000000d5580000,0x00000000d5b00000)
  from space 1024K, 91% used [0x00000000d5b00000,0x00000000d5bea600,0x00000000d5c00000)
  to   space 3072K, 0% used [0x00000000d5f00000,0x00000000d5f00000,0x00000000d6200000)
 ParOldGen       total 166912K, used 166732K [0x0000000080000000, 0x000000008a300000, 0x00000000d5580000)
  object space 166912K, 99% used [0x0000000080000000,0x000000008a2d33e0,0x000000008a300000)
 Metaspace       used 70250K, committed 71872K, reserved 1114112K
  class space    used 7274K, committed 7936K, reserved 1048576K
}
Event: 27.546 GC heap before
{Heap before GC invocations=223 (full 3):
 PSYoungGen      total 6656K, used 6569K [0x00000000d5580000, 0x00000000d6200000, 0x0000000100000000)
  eden space 5632K, 100% used [0x00000000d5580000,0x00000000d5b00000,0x00000000d5b00000)
  from space 1024K, 91% used [0x00000000d5b00000,0x00000000d5bea600,0x00000000d5c00000)
  to   space 3072K, 0% used [0x00000000d5f00000,0x00000000d5f00000,0x00000000d6200000)
 ParOldGen       total 166912K, used 166732K [0x0000000080000000, 0x000000008a300000, 0x00000000d5580000)
  object space 166912K, 99% used [0x0000000080000000,0x000000008a2d33e0,0x000000008a300000)
 Metaspace       used 70326K, committed 71936K, reserved 1114112K
  class space    used 7276K, committed 7936K, reserved 1048576K
}
Event: 27.551 GC heap after
{Heap after GC invocations=223 (full 3):
 PSYoungGen      total 7680K, used 1816K [0x00000000d5580000, 0x00000000d6100000, 0x0000000100000000)
  eden space 5632K, 0% used [0x00000000d5580000,0x00000000d5580000,0x00000000d5b00000)
  from space 2048K, 88% used [0x00000000d5f00000,0x00000000d60c6338,0x00000000d6100000)
  to   space 2048K, 0% used [0x00000000d5d00000,0x00000000d5d00000,0x00000000d5f00000)
 ParOldGen       total 167424K, used 167263K [0x0000000080000000, 0x000000008a380000, 0x00000000d5580000)
  object space 167424K, 99% used [0x0000000080000000,0x000000008a357dd8,0x000000008a380000)
 Metaspace       used 70326K, committed 71936K, reserved 1114112K
  class space    used 7276K, committed 7936K, reserved 1048576K
}
Event: 27.594 GC heap before
{Heap before GC invocations=224 (full 3):
 PSYoungGen      total 7680K, used 7448K [0x00000000d5580000, 0x00000000d6100000, 0x0000000100000000)
  eden space 5632K, 100% used [0x00000000d5580000,0x00000000d5b00000,0x00000000d5b00000)
  from space 2048K, 88% used [0x00000000d5f00000,0x00000000d60c6338,0x00000000d6100000)
  to   space 2048K, 0% used [0x00000000d5d00000,0x00000000d5d00000,0x00000000d5f00000)
 ParOldGen       total 167424K, used 167263K [0x0000000080000000, 0x000000008a380000, 0x00000000d5580000)
  object space 167424K, 99% used [0x0000000080000000,0x000000008a357dd8,0x000000008a380000)
 Metaspace       used 70352K, committed 71936K, reserved 1114112K
  class space    used 7277K, committed 7936K, reserved 1048576K
}
Event: 27.598 GC heap after
{Heap after GC invocations=224 (full 3):
 PSYoungGen      total 6656K, used 858K [0x00000000d5580000, 0x00000000d5f80000, 0x0000000100000000)
  eden space 5632K, 0% used [0x00000000d5580000,0x00000000d5580000,0x00000000d5b00000)
  from space 1024K, 83% used [0x00000000d5d00000,0x00000000d5dd6900,0x00000000d5e00000)
  to   space 1536K, 0% used [0x00000000d5e00000,0x00000000d5e00000,0x00000000d5f80000)
 ParOldGen       total 168960K, used 168808K [0x0000000080000000, 0x000000008a500000, 0x00000000d5580000)
  object space 168960K, 99% used [0x0000000080000000,0x000000008a4da040,0x000000008a500000)
 Metaspace       used 70352K, committed 71936K, reserved 1114112K
  class space    used 7277K, committed 7936K, reserved 1048576K
}
Event: 27.689 GC heap before
{Heap before GC invocations=225 (full 3):
 PSYoungGen      total 6656K, used 6490K [0x00000000d5580000, 0x00000000d5f80000, 0x0000000100000000)
  eden space 5632K, 100% used [0x00000000d5580000,0x00000000d5b00000,0x00000000d5b00000)
  from space 1024K, 83% used [0x00000000d5d00000,0x00000000d5dd6900,0x00000000d5e00000)
  to   space 1536K, 0% used [0x00000000d5e00000,0x00000000d5e00000,0x00000000d5f80000)
 ParOldGen       total 168960K, used 168808K [0x0000000080000000, 0x000000008a500000, 0x00000000d5580000)
  object space 168960K, 99% used [0x0000000080000000,0x000000008a4da040,0x000000008a500000)
 Metaspace       used 70435K, committed 72064K, reserved 1114112K
  class space    used 7284K, committed 7936K, reserved 1048576K
}
Event: 27.691 GC heap after
{Heap after GC invocations=225 (full 3):
 PSYoungGen      total 6656K, used 699K [0x00000000d5580000, 0x00000000d5f00000, 0x0000000100000000)
  eden space 5632K, 0% used [0x00000000d5580000,0x00000000d5580000,0x00000000d5b00000)
  from space 1024K, 68% used [0x00000000d5e00000,0x00000000d5eaed90,0x00000000d5f00000)
  to   space 1024K, 0% used [0x00000000d5d00000,0x00000000d5d00000,0x00000000d5e00000)
 ParOldGen       total 169472K, used 169088K [0x0000000080000000, 0x000000008a580000, 0x00000000d5580000)
  object space 169472K, 99% used [0x0000000080000000,0x000000008a520040,0x000000008a580000)
 Metaspace       used 70435K, committed 72064K, reserved 1114112K
  class space    used 7284K, committed 7936K, reserved 1048576K
}
Event: 27.874 GC heap before
{Heap before GC invocations=226 (full 3):
 PSYoungGen      total 6656K, used 6331K [0x00000000d5580000, 0x00000000d5f00000, 0x0000000100000000)
  eden space 5632K, 100% used [0x00000000d5580000,0x00000000d5b00000,0x00000000d5b00000)
  from space 1024K, 68% used [0x00000000d5e00000,0x00000000d5eaed90,0x00000000d5f00000)
  to   space 1024K, 0% used [0x00000000d5d00000,0x00000000d5d00000,0x00000000d5e00000)
 ParOldGen       total 169472K, used 169088K [0x0000000080000000, 0x000000008a580000, 0x00000000d5580000)
  object space 169472K, 99% used [0x0000000080000000,0x000000008a520040,0x000000008a580000)
 Metaspace       used 70883K, committed 72448K, reserved 1114112K
  class space    used 7333K, committed 8000K, reserved 1048576K
}
Event: 27.877 GC heap after
{Heap after GC invocations=226 (full 3):
 PSYoungGen      total 6656K, used 864K [0x00000000d5580000, 0x00000000d5e80000, 0x0000000100000000)
  eden space 5632K, 0% used [0x00000000d5580000,0x00000000d5580000,0x00000000d5b00000)
  from space 1024K, 84% used [0x00000000d5d00000,0x00000000d5dd8000,0x00000000d5e00000)
  to   space 512K, 0% used [0x00000000d5e00000,0x00000000d5e00000,0x00000000d5e80000)
 ParOldGen       total 169984K, used 169667K [0x0000000080000000, 0x000000008a600000, 0x00000000d5580000)
  object space 169984K, 99% used [0x0000000080000000,0x000000008a5b0f50,0x000000008a600000)
 Metaspace       used 70883K, committed 72448K, reserved 1114112K
  class space    used 7333K, committed 8000K, reserved 1048576K
}
Event: 28.056 GC heap before
{Heap before GC invocations=227 (full 3):
 PSYoungGen      total 6656K, used 6496K [0x00000000d5580000, 0x00000000d5e80000, 0x0000000100000000)
  eden space 5632K, 100% used [0x00000000d5580000,0x00000000d5b00000,0x00000000d5b00000)
  from space 1024K, 84% used [0x00000000d5d00000,0x00000000d5dd8000,0x00000000d5e00000)
  to   space 512K, 0% used [0x00000000d5e00000,0x00000000d5e00000,0x00000000d5e80000)
 ParOldGen       total 169984K, used 169667K [0x0000000080000000, 0x000000008a600000, 0x00000000d5580000)
  object space 169984K, 99% used [0x0000000080000000,0x000000008a5b0f50,0x000000008a600000)
 Metaspace       used 70956K, committed 72576K, reserved 1114112K
  class space    used 7333K, committed 8000K, reserved 1048576K
}
Event: 28.059 GC heap after
{Heap after GC invocations=227 (full 3):
 PSYoungGen      total 6144K, used 510K [0x00000000d5580000, 0x00000000d5f00000, 0x0000000100000000)
  eden space 5632K, 0% used [0x00000000d5580000,0x00000000d5580000,0x00000000d5b00000)
  from space 512K, 99% used [0x00000000d5e00000,0x00000000d5e7fb10,0x00000000d5e80000)
  to   space 2048K, 0% used [0x00000000d5b00000,0x00000000d5b00000,0x00000000d5d00000)
 ParOldGen       total 171008K, used 170775K [0x0000000080000000, 0x000000008a700000, 0x00000000d5580000)
  object space 171008K, 99% used [0x0000000080000000,0x000000008a6c5e90,0x000000008a700000)
 Metaspace       used 70956K, committed 72576K, reserved 1114112K
  class space    used 7333K, committed 8000K, reserved 1048576K
}
Event: 28.145 GC heap before
{Heap before GC invocations=228 (full 3):
 PSYoungGen      total 6144K, used 6142K [0x00000000d5580000, 0x00000000d5f00000, 0x0000000100000000)
  eden space 5632K, 100% used [0x00000000d5580000,0x00000000d5b00000,0x00000000d5b00000)
  from space 512K, 99% used [0x00000000d5e00000,0x00000000d5e7fb10,0x00000000d5e80000)
  to   space 2048K, 0% used [0x00000000d5b00000,0x00000000d5b00000,0x00000000d5d00000)
 ParOldGen       total 171008K, used 170775K [0x0000000080000000, 0x000000008a700000, 0x00000000d5580000)
  object space 171008K, 99% used [0x0000000080000000,0x000000008a6c5e90,0x000000008a700000)
 Metaspace       used 71180K, committed 72768K, reserved 1114112K
  class space    used 7347K, committed 8000K, reserved 1048576K
}
Event: 28.147 GC heap after
{Heap after GC invocations=228 (full 3):
 PSYoungGen      total 7680K, used 666K [0x00000000d5580000, 0x00000000d5e80000, 0x0000000100000000)
  eden space 5632K, 0% used [0x00000000d5580000,0x00000000d5580000,0x00000000d5b00000)
  from space 2048K, 32% used [0x00000000d5b00000,0x00000000d5ba6900,0x00000000d5d00000)
  to   space 1024K, 0% used [0x00000000d5d80000,0x00000000d5d80000,0x00000000d5e80000)
 ParOldGen       total 171520K, used 171248K [0x0000000080000000, 0x000000008a780000, 0x00000000d5580000)
  object space 171520K, 99% used [0x0000000080000000,0x000000008a73c2a0,0x000000008a780000)
 Metaspace       used 71180K, committed 72768K, reserved 1114112K
  class space    used 7347K, committed 8000K, reserved 1048576K
}
Event: 28.179 GC heap before
{Heap before GC invocations=229 (full 3):
 PSYoungGen      total 7680K, used 6298K [0x00000000d5580000, 0x00000000d5e80000, 0x0000000100000000)
  eden space 5632K, 100% used [0x00000000d5580000,0x00000000d5b00000,0x00000000d5b00000)
  from space 2048K, 32% used [0x00000000d5b00000,0x00000000d5ba6900,0x00000000d5d00000)
  to   space 1024K, 0% used [0x00000000d5d80000,0x00000000d5d80000,0x00000000d5e80000)
 ParOldGen       total 171520K, used 171248K [0x0000000080000000, 0x000000008a780000, 0x00000000d5580000)
  object space 171520K, 99% used [0x0000000080000000,0x000000008a73c2a0,0x000000008a780000)
 Metaspace       used 71249K, committed 72768K, reserved 1114112K
  class space    used 7362K, committed 8000K, reserved 1048576K
}
Event: 28.182 GC heap after
{Heap after GC invocations=229 (full 3):
 PSYoungGen      total 6656K, used 640K [0x00000000d5580000, 0x00000000d5e80000, 0x0000000100000000)
  eden space 5632K, 0% used [0x00000000d5580000,0x00000000d5580000,0x00000000d5b00000)
  from space 1024K, 62% used [0x00000000d5d80000,0x00000000d5e20000,0x00000000d5e80000)
  to   space 1024K, 0% used [0x00000000d5c80000,0x00000000d5c80000,0x00000000d5d80000)
 ParOldGen       total 172032K, used 171746K [0x0000000080000000, 0x000000008a800000, 0x00000000d5580000)
  object space 172032K, 99% used [0x0000000080000000,0x000000008a7b8ba0,0x000000008a800000)
 Metaspace       used 71249K, committed 72768K, reserved 1114112K
  class space    used 7362K, committed 8000K, reserved 1048576K
}
Event: 28.243 GC heap before
{Heap before GC invocations=230 (full 3):
 PSYoungGen      total 6656K, used 6272K [0x00000000d5580000, 0x00000000d5e80000, 0x0000000100000000)
  eden space 5632K, 100% used [0x00000000d5580000,0x00000000d5b00000,0x00000000d5b00000)
  from space 1024K, 62% used [0x00000000d5d80000,0x00000000d5e20000,0x00000000d5e80000)
  to   space 1024K, 0% used [0x00000000d5c80000,0x00000000d5c80000,0x00000000d5d80000)
 ParOldGen       total 172032K, used 171746K [0x0000000080000000, 0x000000008a800000, 0x00000000d5580000)
  object space 172032K, 99% used [0x0000000080000000,0x000000008a7b8ba0,0x000000008a800000)
 Metaspace       used 71346K, committed 72896K, reserved 1114112K
  class space    used 7375K, committed 8000K, reserved 1048576K
}
Event: 28.245 GC heap after
{Heap after GC invocations=230 (full 3):
 PSYoungGen      total 6656K, used 724K [0x00000000d5580000, 0x00000000d5e00000, 0x0000000100000000)
  eden space 5632K, 0% used [0x00000000d5580000,0x00000000d5580000,0x00000000d5b00000)
  from space 1024K, 70% used [0x00000000d5c80000,0x00000000d5d35200,0x00000000d5d80000)
  to   space 512K, 0% used [0x00000000d5d80000,0x00000000d5d80000,0x00000000d5e00000)
 ParOldGen       total 172032K, used 171853K [0x0000000080000000, 0x000000008a800000, 0x00000000d5580000)
  object space 172032K, 99% used [0x0000000080000000,0x000000008a7d34a0,0x000000008a800000)
 Metaspace       used 71346K, committed 72896K, reserved 1114112K
  class space    used 7375K, committed 8000K, reserved 1048576K
}

Dll operation events (10 events):
Event: 0.017 Loaded shared library c:\Users\tsusm\.vscode\extensions\redhat.java-1.53.0-win32-x64\jre\21.0.10-win32-x86_64\bin\java.dll
Event: 0.117 Loaded shared library c:\Users\tsusm\.vscode\extensions\redhat.java-1.53.0-win32-x64\jre\21.0.10-win32-x86_64\bin\zip.dll
Event: 0.147 Loaded shared library C:\Users\tsusm\.vscode\extensions\redhat.java-1.53.0-win32-x64\jre\21.0.10-win32-x86_64\bin\instrument.dll
Event: 0.154 Loaded shared library C:\Users\tsusm\.vscode\extensions\redhat.java-1.53.0-win32-x64\jre\21.0.10-win32-x86_64\bin\net.dll
Event: 0.159 Loaded shared library C:\Users\tsusm\.vscode\extensions\redhat.java-1.53.0-win32-x64\jre\21.0.10-win32-x86_64\bin\nio.dll
Event: 0.164 Loaded shared library C:\Users\tsusm\.vscode\extensions\redhat.java-1.53.0-win32-x64\jre\21.0.10-win32-x86_64\bin\zip.dll
Event: 0.190 Loaded shared library C:\Users\tsusm\.vscode\extensions\redhat.java-1.53.0-win32-x64\jre\21.0.10-win32-x86_64\bin\jimage.dll
Event: 0.298 Loaded shared library c:\Users\tsusm\.vscode\extensions\redhat.java-1.53.0-win32-x64\jre\21.0.10-win32-x86_64\bin\verify.dll
Event: 2.106 Loaded shared library C:\Users\tsusm\AppData\Roaming\Code\User\globalStorage\redhat.java\1.53.0\config_win\org.eclipse.equinox.launcher\org.eclipse.equinox.launcher.win32.win32.x86_64_1.3.0.v20260203-2149\eclipse_11919.dll
Event: 3.922 Loaded shared library C:\Users\tsusm\AppData\Local\Temp\jna-110670512\jna4138463993178567939.dll

Deoptimization events (20 events):
Event: 28.093 Thread 0x000001df7cb9a400 Uncommon trap: trap_request=0xffffffde fr.pc=0x000001df25ae26b8 relative=0x00000000000005b8
Event: 28.093 Thread 0x000001df7cb9a400 Uncommon trap: reason=class_check action=maybe_recompile pc=0x000001df25ae26b8 method=java.util.HashMap.removeNode(ILjava/lang/Object;Ljava/lang/Object;ZZ)Ljava/util/HashMap$Node; @ 143 c2
Event: 28.093 Thread 0x000001df7cb9a400 DEOPT PACKING pc=0x000001df25ae26b8 sp=0x0000009dc64fe910
Event: 28.093 Thread 0x000001df7cb9a400 DEOPT UNPACKING pc=0x000001df25163aa2 sp=0x0000009dc64fe818 mode 2
Event: 28.139 Thread 0x000001df7cb9a400 Uncommon trap: trap_request=0xffffff45 fr.pc=0x000001df25ff64c4 relative=0x0000000000000ca4
Event: 28.139 Thread 0x000001df7cb9a400 Uncommon trap: reason=unstable_if action=reinterpret pc=0x000001df25ff64c4 method=org.eclipse.jdt.core.Signature.appendClassTypeSignature([CIZLjava/lang/StringBuilder;)I @ 23 c2
Event: 28.139 Thread 0x000001df7cb9a400 DEOPT PACKING pc=0x000001df25ff64c4 sp=0x0000009dc64fe500
Event: 28.139 Thread 0x000001df7cb9a400 DEOPT UNPACKING pc=0x000001df25163aa2 sp=0x0000009dc64fe4b8 mode 2
Event: 28.139 Thread 0x000001df7cb9a400 Uncommon trap: trap_request=0xffffff45 fr.pc=0x000001df25ff8520 relative=0x0000000000000600
Event: 28.139 Thread 0x000001df7cb9a400 Uncommon trap: reason=unstable_if action=reinterpret pc=0x000001df25ff8520 method=org.eclipse.jdt.core.Signature.getSimpleName(Ljava/lang/String;)Ljava/lang/String; @ 105 c2
Event: 28.139 Thread 0x000001df7cb9a400 DEOPT PACKING pc=0x000001df25ff8520 sp=0x0000009dc64fe770
Event: 28.139 Thread 0x000001df7cb9a400 DEOPT UNPACKING pc=0x000001df25163aa2 sp=0x0000009dc64fe710 mode 2
Event: 28.228 Thread 0x000001df7cb9a400 Uncommon trap: trap_request=0xffffffcc fr.pc=0x000001df26021b74 relative=0x0000000000002834
Event: 28.228 Thread 0x000001df7cb9a400 Uncommon trap: reason=intrinsic_or_type_checked_inlining action=make_not_entrant pc=0x000001df26021b74 method=java.util.ArrayList$SubList.toArray([Ljava/lang/Object;)[Ljava/lang/Object; @ 58 c2
Event: 28.228 Thread 0x000001df7cb9a400 DEOPT PACKING pc=0x000001df26021b74 sp=0x0000009dc64f8650
Event: 28.228 Thread 0x000001df7cb9a400 DEOPT UNPACKING pc=0x000001df25163aa2 sp=0x0000009dc64f8410 mode 2
Event: 28.247 Thread 0x000001df7cb9a400 Uncommon trap: trap_request=0xffffffde fr.pc=0x000001df25dc1418 relative=0x0000000000000078
Event: 28.247 Thread 0x000001df7cb9a400 Uncommon trap: reason=class_check action=maybe_recompile pc=0x000001df25dc1418 method=java.util.LinkedHashMap.afterNodeInsertion(Z)V @ 15 c2
Event: 28.247 Thread 0x000001df7cb9a400 DEOPT PACKING pc=0x000001df25dc1418 sp=0x0000009dc64fea60
Event: 28.247 Thread 0x000001df7cb9a400 DEOPT UNPACKING pc=0x000001df25163aa2 sp=0x0000009dc64fe9d8 mode 2

Classes loaded (20 events):
Event: 23.893 Loading class java/util/stream/ReduceOps$5
Event: 23.896 Loading class java/util/stream/ReduceOps$5 done
Event: 23.896 Loading class java/util/stream/ReduceOps$CountingSink$OfRef
Event: 23.896 Loading class java/util/stream/ReduceOps$CountingSink
Event: 23.897 Loading class java/util/stream/ReduceOps$CountingSink done
Event: 23.897 Loading class java/util/stream/ReduceOps$CountingSink$OfRef done
Event: 25.441 Loading class java/util/stream/ReduceOps$1
Event: 25.442 Loading class java/util/stream/ReduceOps$1 done
Event: 25.442 Loading class java/util/stream/ReduceOps$1ReducingSink
Event: 25.442 Loading class java/util/stream/ReduceOps$1ReducingSink done
Event: 27.818 Loading class java/util/stream/ReferencePipeline$4
Event: 27.819 Loading class java/util/stream/ReferencePipeline$4 done
Event: 27.821 Loading class java/util/stream/Nodes$IntFixedNodeBuilder
Event: 27.821 Loading class java/util/stream/Node$Builder$OfInt
Event: 27.822 Loading class java/util/stream/Node$Builder$OfInt done
Event: 27.825 Loading class java/util/stream/Nodes$IntArrayNode
Event: 27.825 Loading class java/util/stream/Nodes$IntArrayNode done
Event: 27.825 Loading class java/util/stream/Nodes$IntFixedNodeBuilder done
Event: 27.826 Loading class java/util/stream/ReferencePipeline$4$1
Event: 27.826 Loading class java/util/stream/ReferencePipeline$4$1 done

Classes unloaded (10 events):
Event: 4.619 Thread 0x000001df1aa86100 Unloading class 0x000001df331a3000 'java/lang/invoke/LambdaForm$MH+0x000001df331a3000'
Event: 4.619 Thread 0x000001df1aa86100 Unloading class 0x000001df331a2c00 'java/lang/invoke/LambdaForm$MH+0x000001df331a2c00'
Event: 4.619 Thread 0x000001df1aa86100 Unloading class 0x000001df331a2800 'java/lang/invoke/LambdaForm$MH+0x000001df331a2800'
Event: 4.619 Thread 0x000001df1aa86100 Unloading class 0x000001df331a2400 'java/lang/invoke/LambdaForm$MH+0x000001df331a2400'
Event: 4.619 Thread 0x000001df1aa86100 Unloading class 0x000001df331a2000 'java/lang/invoke/LambdaForm$BMH+0x000001df331a2000'
Event: 4.619 Thread 0x000001df1aa86100 Unloading class 0x000001df331a1c00 'java/lang/invoke/LambdaForm$DMH+0x000001df331a1c00'
Event: 4.619 Thread 0x000001df1aa86100 Unloading class 0x000001df331a0800 'java/lang/invoke/LambdaForm$DMH+0x000001df331a0800'
Event: 15.751 Thread 0x000001df1aa86100 Unloading class 0x000001df3369d000 'java/lang/invoke/LambdaForm$DMH+0x000001df3369d000'
Event: 15.751 Thread 0x000001df1aa86100 Unloading class 0x000001df3369cc00 'java/lang/invoke/LambdaForm$DMH+0x000001df3369cc00'
Event: 15.751 Thread 0x000001df1aa86100 Unloading class 0x000001df3369c800 'java/lang/invoke/LambdaForm$DMH+0x000001df3369c800'

Classes redefined (0 events):
No events

Internal exceptions (20 events):
Event: 22.005 Thread 0x000001df7d7ac340 Exception <a 'sun/nio/fs/WindowsException'{0x00000000d5dfb050}> (0x00000000d5dfb050) 
thrown [s\src\hotspot\share\prims\jni.cpp, line 520]
Event: 22.006 Thread 0x000001df7d7ac340 Exception <a 'sun/nio/fs/WindowsException'{0x00000000d5dfbba8}> (0x00000000d5dfbba8) 
thrown [s\src\hotspot\share\prims\jni.cpp, line 520]
Event: 22.007 Thread 0x000001df7d7ac340 Exception <a 'sun/nio/fs/WindowsException'{0x00000000d5dfd938}> (0x00000000d5dfd938) 
thrown [s\src\hotspot\share\prims\jni.cpp, line 520]
Event: 22.007 Thread 0x000001df7d7ac340 Exception <a 'sun/nio/fs/WindowsException'{0x00000000d5dfe490}> (0x00000000d5dfe490) 
thrown [s\src\hotspot\share\prims\jni.cpp, line 520]
Event: 22.027 Thread 0x000001df7d7ac340 Exception <a 'sun/nio/fs/WindowsException'{0x00000000d56efe30}> (0x00000000d56efe30) 
thrown [s\src\hotspot\share\prims\jni.cpp, line 520]
Event: 22.028 Thread 0x000001df7d7ac340 Exception <a 'sun/nio/fs/WindowsException'{0x00000000d56f0988}> (0x00000000d56f0988) 
thrown [s\src\hotspot\share\prims\jni.cpp, line 520]
Event: 23.128 Thread 0x000001df7d7aa900 Exception <a 'java/lang/IncompatibleClassChangeError'{0x00000000d5749490}: Found class java.lang.Object, but interface was expected> (0x00000000d5749490) 
thrown [s\src\hotspot\share\interpreter\linkResolver.cpp, line 840]
Event: 23.477 Thread 0x000001df794de070 Implicit null exception at 0x000001df25ee3af3 to 0x000001df25ee4284
Event: 23.899 Thread 0x000001df794de070 Exception <a 'sun/nio/fs/WindowsException'{0x00000000d572e520}> (0x00000000d572e520) 
thrown [s\src\hotspot\share\prims\jni.cpp, line 520]
Event: 23.899 Thread 0x000001df794de070 Exception <a 'sun/nio/fs/WindowsException'{0x00000000d5841a30}> (0x00000000d5841a30) 
thrown [s\src\hotspot\share\prims\jni.cpp, line 520]
Event: 24.609 Thread 0x000001df794e3c50 Implicit null exception at 0x000001df259cdd4b to 0x000001df259cdd92
Event: 25.555 Thread 0x000001df7cb9be40 Exception <a 'java/lang/LinkageError'{0x00000000d5be99a0}: loader lombok.launch.ShadowClassLoader @15e07345 attempted duplicate class definition for lombok.eclipse.agent.PatchDiagnostics. (lombok.eclipse.agent.PatchDiagnostics is in unnamed module of loader lombok.launch.ShadowClassLoader @15e07345, parent loader org.eclipse.osgi.internal.loader.EquinoxClassLoader @7fc62cf9)> (0x00000000d5be99a0) 
thrown [s\src\hotspot\share\classfile\systemDictionary.cpp, line 1672]
Event: 25.556 Thread 0x000001df7d7aa900 Exception <a 'java/lang/LinkageError'{0x00000000d5bf2508}: loader lombok.launch.ShadowClassLoader @15e07345 attempted duplicate class definition for lombok.eclipse.agent.PatchDiagnostics. (lombok.eclipse.agent.PatchDiagnostics is in unnamed module of loader lombok.launch.ShadowClassLoader @15e07345, parent loader org.eclipse.osgi.internal.loader.EquinoxClassLoader @7fc62cf9)> (0x00000000d5bf2508) 
thrown [s\src\hotspot\share\classfile\systemDictionary.cpp, line 1672]
Event: 25.562 Thread 0x000001df7cb9be40 Exception <a 'java/lang/LinkageError'{0x00000000d5c3db90}: loader lombok.launch.ShadowClassLoader @15e07345 attempted duplicate class definition for lombok.eclipse.EcjAugments. (lombok.eclipse.EcjAugments is in unnamed module of loader lombok.launch.ShadowClassLoader @15e07345, parent loader org.eclipse.osgi.internal.loader.EquinoxClassLoader @7fc62cf9)> (0x00000000d5c3db90) 
thrown [s\src\hotspot\share\classfile\systemDictionary.cpp, line 1672]
Event: 25.562 Thread 0x000001df7d7ac9d0 Exception <a 'java/lang/LinkageError'{0x00000000d5c49cd0}: loader lombok.launch.ShadowClassLoader @15e07345 attempted duplicate class definition for lombok.eclipse.EcjAugments. (lombok.eclipse.EcjAugments is in unnamed module of loader lombok.launch.ShadowClassLoader @15e07345, parent loader org.eclipse.osgi.internal.loader.EquinoxClassLoader @7fc62cf9)> (0x00000000d5c49cd0) 
thrown [s\src\hotspot\share\classfile\systemDictionary.cpp, line 1672]
Event: 25.678 Thread 0x000001df794de070 Exception <a 'java/lang/NoSuchMethodError'{0x00000000d5984718}: 'java.lang.Object java.lang.invoke.DirectMethodHandle$Holder.invokeStatic(java.lang.Object, java.lang.Object, int, java.lang.Object)'> (0x00000000d5984718) 
thrown [s\src\hotspot\share\interpreter\linkResolver.cpp, line 773]
Event: 26.028 Thread 0x000001df7cb9be40 Exception <a 'java/lang/ArrayIndexOutOfBoundsException'{0x00000000d5a9a1d8}: Index 3154 out of bounds for length 3154> (0x00000000d5a9a1d8) 
thrown [s\src\hotspot\share\interpreter\interpreterRuntime.cpp, line 439]
Event: 26.766 Thread 0x000001df7cb9be40 Exception <a 'java/lang/ArrayIndexOutOfBoundsException'{0x00000000d5973718}: Index 83 out of bounds for length 83> (0x00000000d5973718) 
thrown [s\src\hotspot\share\interpreter\interpreterRuntime.cpp, line 439]
Event: 27.309 Thread 0x000001df7cb9a400 Exception <a 'java/lang/ArrayIndexOutOfBoundsException'{0x00000000d5f5eb08}: Index 3154 out of bounds for length 3154> (0x00000000d5f5eb08) 
thrown [s\src\hotspot\share\interpreter\interpreterRuntime.cpp, line 439]
Event: 27.575 Thread 0x000001df7cb9a400 Exception <a 'java/lang/ArrayIndexOutOfBoundsException'{0x00000000d56f10e8}> (0x00000000d56f10e8) 
thrown [s\src\hotspot\share\runtime\sharedRuntime.cpp, line 625]

ZGC Phase Switch (0 events):
No events

VM Operations (20 events):
Event: 27.430 Executing safepoint VM operation: ParallelGCFailedAllocation (Allocation Failure)
Event: 27.435 Executing safepoint VM operation: ParallelGCFailedAllocation (Allocation Failure) done
Event: 27.477 Executing safepoint VM operation: ParallelGCFailedAllocation (Allocation Failure)
Event: 27.481 Executing safepoint VM operation: ParallelGCFailedAllocation (Allocation Failure) done
Event: 27.546 Executing safepoint VM operation: ParallelGCFailedAllocation (Allocation Failure)
Event: 27.551 Executing safepoint VM operation: ParallelGCFailedAllocation (Allocation Failure) done
Event: 27.594 Executing safepoint VM operation: ParallelGCFailedAllocation (Allocation Failure)
Event: 27.598 Executing safepoint VM operation: ParallelGCFailedAllocation (Allocation Failure) done
Event: 27.688 Executing safepoint VM operation: ParallelGCFailedAllocation (Allocation Failure)
Event: 27.692 Executing safepoint VM operation: ParallelGCFailedAllocation (Allocation Failure) done
Event: 27.859 Executing safepoint VM operation: ParallelGCFailedAllocation (Allocation Failure)
Event: 27.877 Executing safepoint VM operation: ParallelGCFailedAllocation (Allocation Failure) done
Event: 28.027 Executing safepoint VM operation: ParallelGCFailedAllocation (Allocation Failure)
Event: 28.059 Executing safepoint VM operation: ParallelGCFailedAllocation (Allocation Failure) done
Event: 28.145 Executing safepoint VM operation: ParallelGCFailedAllocation (Allocation Failure)
Event: 28.148 Executing safepoint VM operation: ParallelGCFailedAllocation (Allocation Failure) done
Event: 28.179 Executing safepoint VM operation: ParallelGCFailedAllocation (Allocation Failure)
Event: 28.182 Executing safepoint VM operation: ParallelGCFailedAllocation (Allocation Failure) done
Event: 28.242 Executing safepoint VM operation: ParallelGCFailedAllocation (Allocation Failure)
Event: 28.245 Executing safepoint VM operation: ParallelGCFailedAllocation (Allocation Failure) done

Memory protections (0 events):
No events

Nmethod flushes (20 events):
Event: 15.777 Thread 0x000001df1aa86100 flushing  nmethod 0x000001df1e498f10
Event: 15.777 Thread 0x000001df1aa86100 flushing  nmethod 0x000001df1e499510
Event: 15.777 Thread 0x000001df1aa86100 flushing  nmethod 0x000001df1e49b910
Event: 15.777 Thread 0x000001df1aa86100 flushing  nmethod 0x000001df1e4a8e90
Event: 15.777 Thread 0x000001df1aa86100 flushing osr nmethod 0x000001df1e4aaf90
Event: 15.777 Thread 0x000001df1aa86100 flushing osr nmethod 0x000001df1e4b1c90
Event: 15.777 Thread 0x000001df1aa86100 flushing  nmethod 0x000001df1e4dfb10
Event: 15.777 Thread 0x000001df1aa86100 flushing  nmethod 0x000001df1e504010
Event: 15.777 Thread 0x000001df1aa86100 flushing  nmethod 0x000001df1e50b010
Event: 15.777 Thread 0x000001df1aa86100 flushing  nmethod 0x000001df1e50b610
Event: 15.777 Thread 0x000001df1aa86100 flushing  nmethod 0x000001df1e515b10
Event: 15.777 Thread 0x000001df1aa86100 flushing  nmethod 0x000001df1e516b10
Event: 15.777 Thread 0x000001df1aa86100 flushing  nmethod 0x000001df1e516e10
Event: 15.777 Thread 0x000001df1aa86100 flushing  nmethod 0x000001df1e518b90
Event: 15.777 Thread 0x000001df1aa86100 flushing  nmethod 0x000001df1e527d90
Event: 15.777 Thread 0x000001df1aa86100 flushing  nmethod 0x000001df1e54e590
Event: 15.777 Thread 0x000001df1aa86100 flushing  nmethod 0x000001df1e54ef10
Event: 15.777 Thread 0x000001df1aa86100 flushing  nmethod 0x000001df1e55d410
Event: 15.777 Thread 0x000001df1aa86100 flushing  nmethod 0x000001df1e578c10
Event: 15.777 Thread 0x000001df1aa86100 flushing  nmethod 0x000001df1e596990

Events (20 events):
Event: 17.299 Thread 0x000001df7d7abcb0 Thread exited: 0x000001df7d7abcb0
Event: 17.299 Thread 0x000001df7d7ab620 Thread exited: 0x000001df7d7ab620
Event: 17.364 Thread 0x000001df738bd130 Thread added: 0x000001df7b1aa560
Event: 19.075 Thread 0x000001df7b1aa560 Thread exited: 0x000001df7b1aa560
Event: 19.493 Thread 0x000001df73a89de0 Thread exited: 0x000001df73a89de0
Event: 19.991 Thread 0x000001df79cdfd80 Thread added: 0x000001df7d7ab620
Event: 19.992 Thread 0x000001df79cdfd80 Thread added: 0x000001df7d7aaf90
Event: 19.995 Thread 0x000001df7d7aaf90 Thread added: 0x000001df7d7abcb0
Event: 19.996 Thread 0x000001df7d7abcb0 Thread added: 0x000001df7d7aa900
Event: 19.999 Thread 0x000001df7d7aa900 Thread added: 0x000001df7d7ac340
Event: 19.999 Thread 0x000001df738bd130 Thread added: 0x000001df73a89de0
Event: 20.006 Thread 0x000001df7d7ac340 Thread added: 0x000001df7d7ac9d0
Event: 20.010 Thread 0x000001df7d7ac9d0 Thread added: 0x000001df7d7a9be0
Event: 20.019 Thread 0x000001df7d7a9be0 Thread added: 0x000001df7d7aa270
Event: 20.023 Thread 0x000001df7d7aa270 Thread added: 0x000001df7cb9be40
Event: 20.026 Thread 0x000001df738bd130 Thread added: 0x000001df7b1aa560
Event: 20.028 Thread 0x000001df7cb9be40 Thread added: 0x000001df7cb99d70
Event: 20.400 Thread 0x000001df7b1aa560 Thread exited: 0x000001df7b1aa560
Event: 20.491 Thread 0x000001df738bd130 Thread added: 0x000001df7a011130
Event: 21.205 Thread 0x000001df7cb99d70 Thread added: 0x000001df7cb9a400


Dynamic libraries:
0x00007ff7ebbc0000 - 0x00007ff7ebbce000 	c:\Users\tsusm\.vscode\extensions\redhat.java-1.53.0-win32-x64\jre\21.0.10-win32-x86_64\bin\java.exe
0x00007ffa3ee20000 - 0x00007ffa3f087000 	C:\WINDOWS\SYSTEM32\ntdll.dll
0x00007ffa3d1f0000 - 0x00007ffa3d2b9000 	C:\WINDOWS\System32\KERNEL32.DLL
0x00007ffa3b850000 - 0x00007ffa3bc41000 	C:\WINDOWS\System32\KERNELBASE.dll
0x00007ffa38890000 - 0x00007ffa3892f000 	C:\WINDOWS\SYSTEM32\apphelp.dll
0x00007ffa3b700000 - 0x00007ffa3b84b000 	C:\WINDOWS\System32\ucrtbase.dll
0x00007ffa15ec0000 - 0x00007ffa15ed8000 	c:\Users\tsusm\.vscode\extensions\redhat.java-1.53.0-win32-x64\jre\21.0.10-win32-x86_64\bin\jli.dll
0x00007ff9e3260000 - 0x00007ff9e327e000 	c:\Users\tsusm\.vscode\extensions\redhat.java-1.53.0-win32-x64\jre\21.0.10-win32-x86_64\bin\VCRUNTIME140.dll
0x00007ffa3e5d0000 - 0x00007ffa3e795000 	C:\WINDOWS\System32\USER32.dll
0x00007ffa3bdd0000 - 0x00007ffa3bdf7000 	C:\WINDOWS\System32\win32u.dll
0x00007ffa3df60000 - 0x00007ffa3df8b000 	C:\WINDOWS\System32\GDI32.dll
0x00007ffa169f0000 - 0x00007ffa16c83000 	C:\WINDOWS\WinSxS\amd64_microsoft.windows.common-controls_6595b64144ccf1df_6.0.26100.8037_none_3e092faae333b53b\COMCTL32.dll
0x00007ffa3c670000 - 0x00007ffa3c79b000 	C:\WINDOWS\System32\gdi32full.dll
0x00007ffa3c7a0000 - 0x00007ffa3c843000 	C:\WINDOWS\System32\msvcp_win.dll
0x00007ffa3eb70000 - 0x00007ffa3ec19000 	C:\WINDOWS\System32\msvcrt.dll
0x00007ffa3eb30000 - 0x00007ffa3eb61000 	C:\WINDOWS\System32\IMM32.DLL
0x00007ffa19450000 - 0x00007ffa1945c000 	c:\Users\tsusm\.vscode\extensions\redhat.java-1.53.0-win32-x64\jre\21.0.10-win32-x86_64\bin\vcruntime140_1.dll
0x00007ff9b0180000 - 0x00007ff9b020d000 	c:\Users\tsusm\.vscode\extensions\redhat.java-1.53.0-win32-x64\jre\21.0.10-win32-x86_64\bin\msvcp140.dll
0x00007ff970100000 - 0x00007ff970ea1000 	c:\Users\tsusm\.vscode\extensions\redhat.java-1.53.0-win32-x64\jre\21.0.10-win32-x86_64\bin\server\jvm.dll
0x00007ffa3e0f0000 - 0x00007ffa3e1ab000 	C:\WINDOWS\System32\ADVAPI32.dll
0x00007ffa3e1b0000 - 0x00007ffa3e257000 	C:\WINDOWS\System32\sechost.dll
0x00007ffa3ecc0000 - 0x00007ffa3edd8000 	C:\WINDOWS\System32\RPCRT4.dll
0x00007ffa3e310000 - 0x00007ffa3e384000 	C:\WINDOWS\System32\WS2_32.dll
0x00007ffa3b560000 - 0x00007ffa3b5be000 	C:\WINDOWS\SYSTEM32\POWRPROF.dll
0x00007ffa31320000 - 0x00007ffa31355000 	C:\WINDOWS\SYSTEM32\WINMM.dll
0x00007ffa2b7d0000 - 0x00007ffa2b7db000 	C:\WINDOWS\SYSTEM32\VERSION.dll
0x00007ffa3b540000 - 0x00007ffa3b554000 	C:\WINDOWS\SYSTEM32\UMPDC.dll
0x00007ffa3a490000 - 0x00007ffa3a4ab000 	C:\WINDOWS\SYSTEM32\kernel.appcore.dll
0x00007ffa299f0000 - 0x00007ffa299fa000 	c:\Users\tsusm\.vscode\extensions\redhat.java-1.53.0-win32-x64\jre\21.0.10-win32-x86_64\bin\jimage.dll
0x00007ffa395a0000 - 0x00007ffa397e2000 	C:\WINDOWS\SYSTEM32\DBGHELP.DLL
0x00007ffa3e7a0000 - 0x00007ffa3eb22000 	C:\WINDOWS\System32\combase.dll
0x00007ffa3dd60000 - 0x00007ffa3de37000 	C:\WINDOWS\System32\OLEAUT32.dll
0x00007ffa12380000 - 0x00007ffa123bb000 	C:\WINDOWS\SYSTEM32\dbgcore.DLL
0x00007ffa3ca50000 - 0x00007ffa3caf5000 	C:\WINDOWS\System32\bcryptPrimitives.dll
0x00007ffa299c0000 - 0x00007ffa299cf000 	c:\Users\tsusm\.vscode\extensions\redhat.java-1.53.0-win32-x64\jre\21.0.10-win32-x86_64\bin\instrument.dll
0x00007ffa04500000 - 0x00007ffa04520000 	c:\Users\tsusm\.vscode\extensions\redhat.java-1.53.0-win32-x64\jre\21.0.10-win32-x86_64\bin\java.dll
0x00007ffa3d590000 - 0x00007ffa3dcef000 	C:\WINDOWS\System32\SHELL32.dll
0x00007ffa3c8e0000 - 0x00007ffa3ca4a000 	C:\WINDOWS\System32\wintypes.dll
0x00007ffa3be00000 - 0x00007ffa3c664000 	C:\WINDOWS\System32\windows.storage.dll
0x00007ffa3de40000 - 0x00007ffa3df37000 	C:\WINDOWS\System32\SHCORE.dll
0x00007ffa3e2a0000 - 0x00007ffa3e307000 	C:\WINDOWS\System32\shlwapi.dll
0x00007ffa3b620000 - 0x00007ffa3b649000 	C:\WINDOWS\SYSTEM32\profapi.dll
0x00007ff9fe520000 - 0x00007ff9fe538000 	c:\Users\tsusm\.vscode\extensions\redhat.java-1.53.0-win32-x64\jre\21.0.10-win32-x86_64\bin\zip.dll
0x00007ffa29900000 - 0x00007ffa29910000 	C:\Users\tsusm\.vscode\extensions\redhat.java-1.53.0-win32-x64\jre\21.0.10-win32-x86_64\bin\net.dll
0x00007ffa30770000 - 0x00007ffa30897000 	C:\WINDOWS\SYSTEM32\WINHTTP.dll
0x00007ffa3aa00000 - 0x00007ffa3aa6b000 	C:\WINDOWS\system32\mswsock.dll
0x00007ff9fe4e0000 - 0x00007ff9fe4f6000 	C:\Users\tsusm\.vscode\extensions\redhat.java-1.53.0-win32-x64\jre\21.0.10-win32-x86_64\bin\nio.dll
0x00007ffa19560000 - 0x00007ffa19570000 	c:\Users\tsusm\.vscode\extensions\redhat.java-1.53.0-win32-x64\jre\21.0.10-win32-x86_64\bin\verify.dll
0x00007ff9da170000 - 0x00007ff9da1b5000 	C:\Users\tsusm\AppData\Roaming\Code\User\globalStorage\redhat.java\1.53.0\config_win\org.eclipse.equinox.launcher\org.eclipse.equinox.launcher.win32.win32.x86_64_1.3.0.v20260203-2149\eclipse_11919.dll
0x00007ffa3cbc0000 - 0x00007ffa3cd55000 	C:\WINDOWS\System32\ole32.dll
0x00007ffa3ace0000 - 0x00007ffa3acfb000 	C:\WINDOWS\SYSTEM32\CRYPTSP.dll
0x00007ffa3a3f0000 - 0x00007ffa3a429000 	C:\WINDOWS\system32\rsaenh.dll
0x00007ffa3aab0000 - 0x00007ffa3aae2000 	C:\WINDOWS\SYSTEM32\USERENV.dll
0x00007ffa3b5f0000 - 0x00007ffa3b61a000 	C:\WINDOWS\SYSTEM32\bcrypt.dll
0x00007ffa3ad00000 - 0x00007ffa3ad0c000 	C:\WINDOWS\SYSTEM32\CRYPTBASE.dll
0x00007ffa39ea0000 - 0x00007ffa39ed3000 	C:\WINDOWS\SYSTEM32\IPHLPAPI.DLL
0x00007ffa3e260000 - 0x00007ffa3e26a000 	C:\WINDOWS\System32\NSI.dll
0x00007ff9874b0000 - 0x00007ff9874f9000 	C:\Users\tsusm\AppData\Local\Temp\jna-110670512\jna4138463993178567939.dll
0x00007ffa3ec20000 - 0x00007ffa3ec28000 	C:\WINDOWS\System32\PSAPI.DLL
0x00007ffa33150000 - 0x00007ffa3316d000 	C:\WINDOWS\SYSTEM32\dhcpcsvc6.DLL
0x00007ffa32e00000 - 0x00007ffa32e23000 	C:\WINDOWS\SYSTEM32\dhcpcsvc.DLL

JVMTI agents:
c:\Users\tsusm\.vscode\extensions\redhat.java-1.53.0-win32-x64\lombok\lombok-1.18.39-4050.jar path:c:\Users\tsusm\.vscode\extensions\redhat.java-1.53.0-win32-x64\jre\21.0.10-win32-x86_64\bin\instrument.dll, loaded, initialized, instrumentlib options:none

dbghelp: loaded successfully - version: 4.0.5 - missing functions: none
symbol engine: initialized successfully - sym options: 0x614 - pdb path: .;c:\Users\tsusm\.vscode\extensions\redhat.java-1.53.0-win32-x64\jre\21.0.10-win32-x86_64\bin;C:\WINDOWS\SYSTEM32;C:\WINDOWS\WinSxS\amd64_microsoft.windows.common-controls_6595b64144ccf1df_6.0.26100.8037_none_3e092faae333b53b;c:\Users\tsusm\.vscode\extensions\redhat.java-1.53.0-win32-x64\jre\21.0.10-win32-x86_64\bin\server;C:\Users\tsusm\AppData\Roaming\Code\User\globalStorage\redhat.java\1.53.0\config_win\org.eclipse.equinox.launcher\org.eclipse.equinox.launcher.win32.win32.x86_64_1.3.0.v20260203-2149;C:\Users\tsusm\AppData\Local\Temp\jna-110670512

VM Arguments:
jvm_args: --add-modules=ALL-SYSTEM --add-opens=java.base/java.util=ALL-UNNAMED --add-opens=java.base/java.lang=ALL-UNNAMED --add-opens=java.base/sun.nio.fs=ALL-UNNAMED -Declipse.application=org.eclipse.jdt.ls.core.id1 -Dosgi.bundles.defaultStartLevel=4 -Declipse.product=org.eclipse.jdt.ls.core.product -Djava.import.generatesMetadataFilesAtProjectRoot=false -DDetectVMInstallationsJob.disabled=true -Dfile.encoding=utf8 -XX:+UseParallelGC -XX:GCTimeRatio=4 -XX:AdaptiveSizePolicyWeight=90 -Dsun.zip.disableMemoryMapping=true -Xmx2G -Xms100m -Xlog:disable -javaagent:c:\Users\tsusm\.vscode\extensions\redhat.java-1.53.0-win32-x64\lombok\lombok-1.18.39-4050.jar -XX:+HeapDumpOnOutOfMemoryError -XX:HeapDumpPath=c:\Users\tsusm\AppData\Roaming\Code\User\workspaceStorage\6c148f8b4b974d214b98628d26ee4ded\redhat.java -Daether.dependencyCollector.impl=bf 
java_command: c:\Users\tsusm\.vscode\extensions\redhat.java-1.53.0-win32-x64\server\plugins\org.eclipse.equinox.launcher_1.7.100.v20251111-0406.jar -configuration c:\Users\tsusm\AppData\Roaming\Code\User\globalStorage\redhat.java\1.53.0\config_win -data c:\Users\tsusm\AppData\Roaming\Code\User\workspaceStorage\6c148f8b4b974d214b98628d26ee4ded\redhat.java\jdt_ws --pipe=\\.\pipe\lsp-2ad79a3faa15cd1307627ac78c2def32-sock
java_class_path (initial): c:\Users\tsusm\.vscode\extensions\redhat.java-1.53.0-win32-x64\server\plugins\org.eclipse.equinox.launcher_1.7.100.v20251111-0406.jar
Launcher Type: SUN_STANDARD

[Global flags]
    uintx AdaptiveSizePolicyWeight                 = 90                                        {product} {command line}
     intx CICompilerCount                          = 4                                         {product} {ergonomic}
    uintx GCTimeRatio                              = 4                                         {product} {command line}
     bool HeapDumpOnOutOfMemoryError               = true                                   {manageable} {command line}
    ccstr HeapDumpPath                             = c:\Users\tsusm\AppData\Roaming\Code\User\workspaceStorage\6c148f8b4b974d214b98628d26ee4ded\redhat.java         {manageable} {command line}
   size_t InitialHeapSize                          = 104857600                                 {product} {command line}
   size_t MaxHeapSize                              = 2147483648                                {product} {command line}
   size_t MaxNewSize                               = 715653120                                 {product} {ergonomic}
   size_t MinHeapDeltaBytes                        = 524288                                    {product} {ergonomic}
   size_t MinHeapSize                              = 104857600                                 {product} {command line}
   size_t NewSize                                  = 34603008                                  {product} {ergonomic}
    uintx NonNMethodCodeHeapSize                   = 5839372                                {pd product} {ergonomic}
    uintx NonProfiledCodeHeapSize                  = 122909434                              {pd product} {ergonomic}
   size_t OldSize                                  = 70254592                                  {product} {ergonomic}
    uintx ProfiledCodeHeapSize                     = 122909434                              {pd product} {ergonomic}
    uintx ReservedCodeCacheSize                    = 251658240                              {pd product} {ergonomic}
     bool SegmentedCodeCache                       = true                                      {product} {ergonomic}
   size_t SoftMaxHeapSize                          = 2147483648                             {manageable} {ergonomic}
     bool UseCompressedOops                        = true                           {product lp64_product} {ergonomic}
     bool UseLargePagesIndividualAllocation        = false                                  {pd product} {ergonomic}
     bool UseParallelGC                            = true                                      {product} {command line}

Logging:
Log output configuration:
 #0: stdout all=off uptime,level,tags foldmultilines=false
 #1: stderr all=off uptime,level,tags foldmultilines=false

Release file:
JAVA_VERSION="21.0.10" 
MODULES="java.base java.compiler java.datatransfer java.xml java.prefs java.desktop java.instrument java.logging java.management java.security.sasl java.naming java.rmi java.management.rmi java.net.http java.scripting java.security.jgss java.transaction.xa java.sql java.sql.rowset java.xml.crypto java.se java.smartcardio jdk.accessibility jdk.internal.jvmstat jdk.attach jdk.charsets jdk.internal.opt jdk.zipfs jdk.compiler jdk.crypto.ec jdk.crypto.cryptoki jdk.crypto.mscapi jdk.dynalink jdk.internal.ed jdk.editpad jdk.hotspot.agent jdk.httpserver jdk.internal.le jdk.internal.vm.ci jdk.internal.vm.compiler jdk.internal.vm.compiler.management jdk.jartool jdk.javadoc jdk.jcmd jdk.management jdk.management.agent jdk.jconsole jdk.jdeps jdk.jdwp.agent jdk.jdi jdk.jfr jdk.jshell jdk.jsobject jdk.jstatd jdk.localedata jdk.management.jfr jdk.naming.dns jdk.naming.rmi jdk.net jdk.nio.mapmode jdk.random jdk.sctp jdk.security.auth jdk.security.jgss jdk.unsupported jdk.unsupported.desktop jdk.xml.dom" 

Environment Variables:
PATH=C:\Users\tsusm\AppData\Local\Programs\Microsoft VS Code;C:\Python313\Scripts\;C:\Python313\;C:\Program Files\Common Files\Oracle\Java\javapath;C:\Program Files\Python312\Scripts\;C:\Program Files\Python312\;C:\windows\system32;C:\windows;C:\windows\System32\Wbem;C:\windows\System32\WindowsPowerShell\v1.0\;C:\windows\System32\OpenSSH\;C:\Program Files\HP\HP One Agent;C:\MinGW\bin;C:\Program Files\dotnet\;C:\Users\tsusm\Downloads\jdk-24_linux-x64_bin.tar.gz\jdk-24.0.2\bin;C:\ProgramData\chocolatey\bin;C:\WINDOWS\system32;C:\WINDOWS;C:\WINDOWS\System32\Wbem;C:\WINDOWS\System32\WindowsPowerShell\v1.0\;C:\WINDOWS\System32\OpenSSH\;C:\Program Files\nodejs\;C:\Program Files\Git\cmd;C:\Program Files\PuTTY\;C:\Users\tsusm\.local\bin;C:\Program Files\MySQL\MySQL Shell 8.0\bin\;C:\Users\tsusm\AppData\Local\Microsoft\WindowsApps;C:\Users\tsusm\AppData\Local\Programs\Microsoft VS Code\bin;C:\ProgramData\tsusm\GitHubDesktop\bin;C:\Users\tsusm\AppData\Local\GitHubDesktop\bin;C:\Users\tsusm\AppData\Roaming\npm
USERNAME=tsusm
OS=Windows_NT
PROCESSOR_IDENTIFIER=Intel64 Family 6 Model 154 Stepping 4, GenuineIntel
TMP=C:\Users\tsusm\AppData\Local\Temp
TEMP=C:\Users\tsusm\AppData\Local\Temp




Periodic native trim disabled

---------------  S Y S T E M  ---------------

OS:
 Windows 11 , 64 bit Build 26100 (10.0.26100.7920)
OS uptime: 1 days 7:13 hours
Hyper-V role detected

CPU: total 12 (initial active 12) (6 cores per cpu, 2 threads per core) family 6 model 154 stepping 4 microcode 0x42c, cx8, cmov, fxsr, ht, mmx, 3dnowpref, sse, sse2, sse3, ssse3, sse4.1, sse4.2, popcnt, lzcnt, tsc, tscinvbit, avx, avx2, aes, erms, clmul, bmi1, bmi2, adx, sha, fma, vzeroupper, clflush, clflushopt, clwb, hv, serialize, rdtscp, rdpid, fsrm, f16c, cet_ibt, cet_ss
Processor Information for processor 0
  Max Mhz: 1300, Current Mhz: 1300, Mhz Limit: 1300
Processor Information for processor 1
  Max Mhz: 1300, Current Mhz: 1300, Mhz Limit: 1300
Processor Information for processor 2
  Max Mhz: 1300, Current Mhz: 1300, Mhz Limit: 1300
Processor Information for processor 3
  Max Mhz: 1300, Current Mhz: 1300, Mhz Limit: 1300
Processor Information for processor 4
  Max Mhz: 1300, Current Mhz: 900, Mhz Limit: 897
Processor Information for processor 5
  Max Mhz: 1300, Current Mhz: 900, Mhz Limit: 897
Processor Information for processor 6
  Max Mhz: 1300, Current Mhz: 900, Mhz Limit: 897
Processor Information for processor 7
  Max Mhz: 1300, Current Mhz: 900, Mhz Limit: 897
Processor Information for processor 8
  Max Mhz: 1300, Current Mhz: 900, Mhz Limit: 897
Processor Information for processor 9
  Max Mhz: 1300, Current Mhz: 900, Mhz Limit: 897
Processor Information for processor 10
  Max Mhz: 1300, Current Mhz: 900, Mhz Limit: 897
Processor Information for processor 11
  Max Mhz: 1300, Current Mhz: 900, Mhz Limit: 897

Memory: 4k page, system-wide physical 16055M (1495M free)
TotalPageFile size 19579M (AvailPageFile size 5M)
current process WorkingSet (physical memory assigned to process): 449M, peak: 455M
current process commit charge ("private bytes"): 523M, peak: 1720M

vm_info: OpenJDK 64-Bit Server VM (21.0.10+7-LTS) for windows-amd64 JRE (21.0.10+7-LTS), built on 2026-01-20T00:00:00Z by "admin" with MS VC++ 17.12 (VS2022)

END.
